C:\USERS\SAL\DOCUMENTS\VISUAL STUDIO 2010\PROJECTS\TRAINERRH\RELEASE\RUSTY HEARTS FINAL.EXE
C:\USERS\SAL\DOCUMENTS\VISUAL STUDIO 2010\PROJECTS\TRAINERRH\RELEASE\RUSTY HEARTS FINAL.PDB
C:\Users\Sal\Documents\Visual Studio 2010\Projects\TrainerRH\TrainerRH\Release\cl.command.1.tlog
C:\Users\Sal\Documents\Visual Studio 2010\Projects\TrainerRH\TrainerRH\Release\CL.read.1.tlog
C:\Users\Sal\Documents\Visual Studio 2010\Projects\TrainerRH\TrainerRH\Release\CL.write.1.tlog
C:\Users\Sal\Documents\Visual Studio 2010\Projects\TrainerRH\TrainerRH\Release\link.command.1.tlog
C:\Users\Sal\Documents\Visual Studio 2010\Projects\TrainerRH\TrainerRH\Release\link.read.1.tlog
C:\Users\Sal\Documents\Visual Studio 2010\Projects\TrainerRH\TrainerRH\Release\link.write.1.tlog
C:\Users\Sal\Documents\Visual Studio 2010\Projects\TrainerRH\TrainerRH\Release\link-cvtres.read.1.tlog
C:\Users\Sal\Documents\Visual Studio 2010\Projects\TrainerRH\TrainerRH\Release\link-cvtres.write.1.tlog
C:\USERS\SAL\DOCUMENTS\VISUAL STUDIO 2010\PROJECTS\TRAINERRH\TRAINERRH\RELEASE\MAIN.OBJ
C:\Users\Sal\Documents\Visual Studio 2010\Projects\TrainerRH\TrainerRH\Release\mt.command.1.tlog
C:\Users\Sal\Documents\Visual Studio 2010\Projects\TrainerRH\TrainerRH\Release\mt.read.1.tlog
C:\Users\Sal\Documents\Visual Studio 2010\Projects\TrainerRH\TrainerRH\Release\mt.write.1.tlog
C:\Users\Sal\Documents\Visual Studio 2010\Projects\TrainerRH\TrainerRH\Release\rc.command.1.tlog
C:\Users\Sal\Documents\Visual Studio 2010\Projects\TrainerRH\TrainerRH\Release\rc.read.1.tlog
C:\Users\Sal\Documents\Visual Studio 2010\Projects\TrainerRH\TrainerRH\Release\rc.write.1.tlog
C:\USERS\SAL\DOCUMENTS\VISUAL STUDIO 2010\PROJECTS\TRAINERRH\TRAINERRH\RELEASE\RUSTY HEARTS FINAL.EXE.INTERMEDIATE.MANIFEST
C:\USERS\SAL\DOCUMENTS\VISUAL STUDIO 2010\PROJECTS\TRAINERRH\TRAINERRH\RELEASE\TRAINERRH.RES
C:\USERS\SAL\DOCUMENTS\VISUAL STUDIO 2010\PROJECTS\TRAINERRH\TRAINERRH\RELEASE\VC100.PDB
